"../../../../../../Users/Administrator/Documents/Unreal Projects/GAME1304/GAME1304_2DAssignment/Content/MyGame/Textures/mario.uasset" 0
"../../../../../../Users/Administrator/Documents/Unreal Projects/GAME1304/GAME1304_2DAssignment/Content/MyGame/Character/Sprites/mario_Sprite_14.uasset" 1
"../../../../../../Users/Administrator/Documents/Unreal Projects/GAME1304/GAME1304_2DAssignment/Content/MyGame/Character/Flipbook/FB_mario_hit.uasset" 2
"../../../../../../Users/Administrator/Documents/Unreal Projects/GAME1304/GAME1304_2DAssignment/Content/MyGame/Character/Sprites/mario_Sprite_1.uasset" 3
"../../../../../../Users/Administrator/Documents/Unreal Projects/GAME1304/GAME1304_2DAssignment/Content/MyGame/Character/Sprites/mario_Sprite_11.uasset" 4
"../../../../../../Users/Administrator/Documents/Unreal Projects/GAME1304/GAME1304_2DAssignment/Content/MyGame/Character/Sprites/mario_Sprite_13.uasset" 5
"../../../../../../Users/Administrator/Documents/Unreal Projects/GAME1304/GAME1304_2DAssignment/Content/MyGame/Character/Sprites/mario_Sprite_2.uasset" 6
"../../../../../../Users/Administrator/Documents/Unreal Projects/GAME1304/GAME1304_2DAssignment/Content/MyGame/Character/Sprites/mario_Sprite_3.uasset" 7
"../../../../../../Users/Administrator/Documents/Unreal Projects/GAME1304/GAME1304_2DAssignment/Content/MyGame/Character/Sprites/mario_Sprite_4.uasset" 8
"../../../../../../Users/Administrator/Documents/Unreal Projects/GAME1304/GAME1304_2DAssignment/Content/MyGame/Character/Sprites/mario_Sprite_5.uasset" 9
"../../../../../../Users/Administrator/Documents/Unreal Projects/GAME1304/GAME1304_2DAssignment/Content/MyGame/Character/Sprites/mario_Sprite_6.uasset" 10
"../../../../../../Users/Administrator/Documents/Unreal Projects/GAME1304/GAME1304_2DAssignment/Content/MyGame/Collectible/Sprites/NES_-_Super_Mario_Bros_-_Items_Objects_and_NPCs_Sprite_1.uasset" 11
"../../../../../../Users/Administrator/Documents/Unreal Projects/GAME1304/GAME1304_2DAssignment/Content/MyGame/Collectible/Sprites/NES_-_Super_Mario_Bros_-_Items_Objects_and_NPCs_Sprite_37.uasset" 12
"../../../../../../Users/Administrator/Documents/Unreal Projects/GAME1304/GAME1304_2DAssignment/Content/MyGame/Enemies/Sprites/bullet.uasset" 13
"../../../../../../Users/Administrator/Documents/Unreal Projects/GAME1304/GAME1304_2DAssignment/Content/MyGame/Enemies/Sprites/fish2_0.uasset" 14
"../../../../../../Users/Administrator/Documents/Unreal Projects/GAME1304/GAME1304_2DAssignment/Content/MyGame/Enemies/Sprites/fish2_1.uasset" 15
"../../../../../../Users/Administrator/Documents/Unreal Projects/GAME1304/GAME1304_2DAssignment/Content/MyGame/Enemies/Sprites/fish_0.uasset" 16
"../../../../../../Users/Administrator/Documents/Unreal Projects/GAME1304/GAME1304_2DAssignment/Content/MyGame/Enemies/Sprites/fish_1.uasset" 17
"../../../../../../Users/Administrator/Documents/Unreal Projects/GAME1304/GAME1304_2DAssignment/Content/MyGame/Enemies/Sprites/helmet_0.uasset" 18
"../../../../../../Users/Administrator/Documents/Unreal Projects/GAME1304/GAME1304_2DAssignment/Content/MyGame/Enemies/Sprites/helmet_1.uasset" 19
"../../../../../../Users/Administrator/Documents/Unreal Projects/GAME1304/GAME1304_2DAssignment/Content/MyGame/Enemies/Sprites/helmet_die.uasset" 20
"../../../../../../Users/Administrator/Documents/Unreal Projects/GAME1304/GAME1304_2DAssignment/Content/MyGame/Enemies/Sprites/NES_-_Super_Mario_Bros_-_Enemies___Bosses_Sprite_278.uasset" 21
"../../../../../../Users/Administrator/Documents/Unreal Projects/GAME1304/GAME1304_2DAssignment/Content/MyGame/Enemies/Sprites/NES_-_Super_Mario_Bros_-_Enemies___Bosses_Sprite_279.uasset" 22
"../../../../../../Users/Administrator/Documents/Unreal Projects/GAME1304/GAME1304_2DAssignment/Content/MyGame/Enemies/Sprites/NES_-_Super_Mario_Bros_-_Enemies___Bosses_Sprite_286.uasset" 23
"../../../../../../Users/Administrator/Documents/Unreal Projects/GAME1304/GAME1304_2DAssignment/Content/MyGame/Enemies/Sprites/shroom_0.uasset" 24
"../../../../../../Users/Administrator/Documents/Unreal Projects/GAME1304/GAME1304_2DAssignment/Content/MyGame/Enemies/Sprites/shroom_1.uasset" 25
"../../../../../../Users/Administrator/Documents/Unreal Projects/GAME1304/GAME1304_2DAssignment/Content/MyGame/Enemies/Sprites/shroom_die.uasset" 26
"../../../../../../Users/Administrator/Documents/Unreal Projects/GAME1304/GAME1304_2DAssignment/Content/MyGame/Textures/NES_-_Super_Mario_Bros_-_Enemies___Bosses.uasset" 27
"../../../../../../Users/Administrator/Documents/Unreal Projects/GAME1304/GAME1304_2DAssignment/Content/MyGame/Textures/NES_-_Super_Mario_Bros_-_Items_Objects_and_NPCs.uasset" 28
"../../../Engine/Content/Animation/DefaultAnimCurveCompressionSettings.uasset" 29
"../../../Engine/Content/Functions/Engine_MaterialFunctions01/Opacity/CameraDepthFade.uasset" 30
"../../../Engine/Content/EngineMaterials/T_Default_Material_Grid_M.uasset" 31
"../../../Engine/Content/EngineMaterials/T_Default_Material_Grid_N.uasset" 32
"../../../Engine/Content/EngineMaterials/WorldGridMaterial.uasset" 33
"../../../Engine/Content/ArtTools/RenderToTexture/Meshes/S_1_Unit_Plane.uasset" 34
"../../../Engine/Content/EngineMaterials/DefaultMaterial.uasset" 35
"../../../Engine/Content/BasicShapes/Cone.uasset" 36
"../../../Engine/Content/BasicShapes/Cube.uasset" 37
"../../../Engine/Content/BasicShapes/Cylinder.uasset" 38
"../../../Engine/Content/BasicShapes/Plane.uasset" 39
"../../../Engine/Content/BasicShapes/Sphere.uasset" 40
"../../../Engine/Content/EditorLandscapeResources/DataLayer.uasset" 41
"../../../Engine/Content/EditorMaterials/MAT_Groups_Toggle.uasset" 42
"../../../Engine/Content/EditorMaterials/MAT_Groups_Visibility.uasset" 43
"../../../Engine/Content/EditorMaterials/PreviewShadowIndicator.uasset" 44
"../../../Engine/Content/EditorMaterials/PreviewShadowIndicatorMaterial.uasset" 45
"../../../Engine/Content/EditorMaterials/MatineeGroups/MAT_ColorTrack.uasset" 46
"../../../Engine/Content/EditorMaterials/MatineeGroups/MAT_Groups_Anim.uasset" 47
"../../../Engine/Content/EditorMaterials/MatineeGroups/MAT_Groups_AudioMaster.uasset" 48
"../../../Engine/Content/EditorMaterials/MatineeGroups/MAT_Groups_Director.uasset" 49
"../../../Engine/Content/EditorMaterials/MatineeGroups/MAT_Groups_Event.uasset" 50
"../../../Engine/Content/EditorMaterials/MatineeGroups/MAT_Groups_Fade.uasset" 51
"../../../Engine/Content/EditorMaterials/MatineeGroups/MAT_Groups_Float.uasset" 52
"../../../Engine/Content/EditorMaterials/MatineeGroups/MAT_Groups_Move.uasset" 53
"../../../Engine/Content/EditorMaterials/MatineeGroups/MAT_Groups_Slomo.uasset" 54
"../../../Engine/Content/EditorMaterials/MatineeGroups/MAT_Groups_Sound.uasset" 55
"../../../Engine/Content/EditorMaterials/MatineeGroups/MAT_Groups_Vector.uasset" 56
"../../../Engine/Content/EditorMaterials/ParticleSystems/PSysThumbnail_NoImage.uasset" 57
"../../../Engine/Content/EditorMaterials/ParticleSystems/PSysThumbnail_OOD.uasset" 58
"../../../Engine/Content/EditorMaterials/Camera/CineMat.uasset" 59
"../../../Engine/Content/EditorMaterials/Camera/MI_CineMat_Rig.uasset" 60
"../../../Engine/Content/EditorMeshes/Camera/SM_CraneRig_Arm.uasset" 61
"../../../Engine/Content/EditorMeshes/Camera/SM_CraneRig_Base.uasset" 62
"../../../Engine/Content/EditorMeshes/Camera/SM_CraneRig_Body.uasset" 63
"../../../Engine/Content/EditorMeshes/Camera/SM_CraneRig_Mount.uasset" 64
"../../../Engine/Content/EditorMeshes/Camera/SM_RailRig_Mount.uasset" 65
"../../../Engine/Content/EditorMeshes/Camera/SM_RailRig_Track.uasset" 66
"../../../Engine/Content/EditorResources/BSPVertex.uasset" 67
"../../../Engine/Content/EditorResources/S_Actor.uasset" 68
"../../../Engine/Content/EditorResources/S_Note.uasset" 69
"../../../Engine/Content/EditorResources/S_Solver.uasset" 70
"../../../Engine/Content/EditorResources/S_Trigger.uasset" 71
"../../../Engine/Content/EditorResources/SequenceRecorder/Countdown.uasset" 72
"../../../Engine/Content/EditorResources/SequenceRecorder/RecordingIndicator.uasset" 73
"../../../Engine/Content/EditorSounds/Notifications/CompileFailed.uasset" 74
"../../../Engine/Content/EditorSounds/Notifications/CompileFailed_Cue.uasset" 75
"../../../Engine/Content/EditorSounds/Notifications/CompileSuccess.uasset" 76
"../../../Engine/Content/EditorSounds/Notifications/CompileStart_Cue.uasset" 77
"../../../Engine/Content/EditorSounds/Notifications/CompileSuccess_Cue.uasset" 78
"../../../Engine/Content/EngineDamageTypes/DmgTypeBP_Environmental.uasset" 79
"../../../Engine/Content/EngineDebugMaterials/DebugEditorMaterial.uasset" 80
"../../../Engine/Content/EngineDebugMaterials/DebugMeshMaterial.uasset" 81
"../../../Engine/Content/EngineDebugMaterials/M_SimpleTranslucent.uasset" 82
"../../../Engine/Content/Functions/Engine_MaterialFunctions02/Utility/CameraDirectionVector.uasset" 83
"../../../Engine/Content/EngineDebugMaterials/VolumeToRender.uasset" 84
"../../../Engine/Content/EngineDebugMaterials/M_VolumeRenderSphereTracePP.uasset" 85
"../../../Engine/Content/EngineDebugMaterials/WireframeMaterial.uasset" 86
"../../../Engine/Content/EngineFonts/Faces/DroidSansFallback.uasset" 87
"../../../Engine/Content/EngineFonts/Faces/RobotoBold.uasset" 88
"../../../Engine/Content/EngineFonts/Faces/RobotoBoldItalic.uasset" 89
"../../../Engine/Content/EngineFonts/Faces/RobotoItalic.uasset" 90
"../../../Engine/Content/EngineFonts/Faces/RobotoLight.uasset" 91
"../../../Engine/Content/EngineFonts/Faces/RobotoRegular.uasset" 92
"../../../Engine/Content/EngineFonts/Roboto.uasset" 93
"../../../Engine/Content/EngineMaterials/BaseFlattenDiffuseMap.uasset" 94
"../../../Engine/Content/EngineMaterials/BaseFlattenEmissiveMap.uasset" 95
"../../../Engine/Content/EngineMaterials/BaseFlattenGrayscaleMap.uasset" 96
"../../../Engine/Content/EngineMaterials/BaseFlattenNormalMap.uasset" 97
"../../../Engine/Content/EngineMaterials/BaseFlattenMaterial.uasset" 98
"../../../Engine/Content/EngineMaterials/BlueNoise.uasset" 99
"../../../Engine/Content/EngineMaterials/DefaultBloomKernel.uasset" 100
"../../../Engine/Content/EngineMaterials/DefaultBokeh.uasset" 101
"../../../Engine/Content/EngineMaterials/DefaultDiffuse.uasset" 102
"../../../Engine/Content/EngineMaterials/DefaultDeferredDecalMaterial.uasset" 103
"../../../Engine/Content/EngineMaterials/DefaultLightFunctionMaterial.uasset" 104
"../../../Engine/Content/EngineMaterials/DefaultPhysicalMaterial.uasset" 105
"../../../Engine/Content/Functions/Engine_MaterialFunctions02/Utility/BreakOutFloat2Components.uasset" 106
"../../../Engine/Content/EngineMaterials/DefaultPostProcessMaterial.uasset" 107
"../../../Engine/Content/EngineFonts/RobotoDistanceField.uasset" 108
"../../../Engine/Content/EngineMaterials/DefaultTextMaterialOpaque.uasset" 109
"../../../Engine/Content/EngineMaterials/DefaultVirtualTextureMaterial.uasset" 110
"../../../Engine/Content/EngineMaterials/DefaultWhiteGrid.uasset" 111
"../../../Engine/Content/EngineMaterials/DefaultWhiteGrid_Low.uasset" 112
"../../../Engine/Content/EngineMaterials/EmissiveMeshMaterial.uasset" 113
"../../../Engine/Content/EngineMaterials/GizmoMaterial.uasset" 114
"../../../Engine/Content/EngineMaterials/Good64x64TilingNoiseHighFreq.uasset" 115
"../../../Engine/Content/EngineMaterials/HairDefaultMaterial.uasset" 116
"../../../Engine/Content/EngineMaterials/MiniFont.uasset" 117
"../../../Engine/Content/EngineMaterials/InvalidLightmapSettings.uasset" 118
"../../../Engine/Content/EngineMaterials/M_InvalidLightmapSettings.uasset" 119
"../../../Engine/Content/Functions/Engine_MaterialFunctions02/WorldPositionOffset/CameraOffset.uasset" 120
"../../../Engine/Content/EngineMaterials/PhAT_JointLimitMaterial.uasset" 121
"../../../Engine/Content/EngineMaterials/PreintegratedSkinBRDF.uasset" 122
"../../../Engine/Content/EngineMaterials/RemoveSurfaceMaterial.uasset" 123
"../../../Engine/Content/EngineMaterials/WeightMapPlaceholderTexture.uasset" 124
"../../../Engine/Content/EngineResources/WhiteSquareTexture.uasset" 125
"../../../Engine/Content/EngineMaterials/Widget3DPassThrough.uasset" 126
"../../../Engine/Content/EngineMaterials/Widget3DPassThrough_Masked.uasset" 127
"../../../Engine/Content/EngineMaterials/Widget3DPassThrough_Opaque.uasset" 128
"../../../Engine/Content/EngineMaterials/Widget3DPassThrough_Masked_OneSided.uasset" 129
"../../../Engine/Content/EngineMaterials/Widget3DPassThrough_Opaque_OneSided.uasset" 130
"../../../Engine/Content/EngineMaterials/Widget3DPassThrough_Translucent.uasset" 131
"../../../Engine/Content/EngineMaterials/Widget3DPassThrough_Translucent_OneSided.uasset" 132
"../../../Engine/Content/EngineMeshes/Cylinder.uasset" 133
"../../../Engine/Content/EngineMeshes/Sphere.uasset" 134
"../../../Engine/Content/EngineResources/Black.uasset" 135
"../../../Engine/Content/EngineResources/DefaultTexture.uasset" 136
"../../../Engine/Content/EngineResources/DefaultTextureCube.uasset" 137
"../../../Engine/Content/EngineResources/DefaultVolumeTexture2D.uasset" 138
"../../../Engine/Content/EngineResources/DefaultVolumeTexture.uasset" 139
"../../../Engine/Content/EngineResources/GradientTexture0.uasset" 140
"../../../Engine/Content/EngineSounds/Master.uasset" 141
"../../../Engine/Content/Functions/Engine_MaterialFunctions01/Shading/ConvertFromDiffSpec.uasset" 142
"../../../Engine/Content/Functions/Engine_MaterialFunctions01/Shading/PowerToRoughness.uasset" 143
"../../../Engine/Content/Maps/Templates/Thumbnails/Default.uasset" 144
"../../../Engine/Content/Maps/Templates/Thumbnails/TimeOfDay.uasset" 145
"../../../Engine/Content/Maps/Templates/Thumbnails/VR-Basic.uasset" 146
"../../../Engine/Content/MobileResources/T_MobileControls_texture.uasset" 147
"../../../Engine/Content/MobileResources/T_MobileMenu2.uasset" 148
"../../../Engine/Content/MobileResources/HUD/AnalogHat.uasset" 149
"../../../Engine/Content/MobileResources/HUD/VirtualJoystick_Background.uasset" 150
"../../../Engine/Content/MobileResources/HUD/VirtualJoystick_Thumb.uasset" 151
"../../../Engine/Content/MobileResources/HUD/DefaultVirtualJoysticks.uasset" 152
"../../../Engine/Content/MobileResources/HUD/LeftVirtualJoystickOnly.uasset" 153
"../../../Engine/Content/MobileResources/HUD/MobileHUDButton1_off.uasset" 154
"../../../Engine/Content/MobileResources/HUD/MobileHUDButton1_on.uasset" 155
"../../../Engine/Content/MobileResources/HUD/MobileHUDButton2_off.uasset" 156
"../../../Engine/Content/MobileResources/HUD/MobileHUDButton2_on.uasset" 157
"../../../Engine/Content/MobileResources/HUD/MobileHUDButton3.uasset" 158
"../../../Engine/Content/MobileResources/HUD/MobileHUDButtonFire.uasset" 159
"../../../Engine/Content/MobileResources/HUD/MobileHUDDirectionPad.uasset" 160
"../../../Engine/Content/MobileResources/HUD/MobileHUDDirectionPad2.uasset" 161
"../../../Engine/Content/MobileResources/HUD/MobileHUDDirectionPad3.uasset" 162
"../../../Engine/Content/MobileResources/HUD/MobileHUDDirectionStick.uasset" 163
"../../../Engine/Content/MobileResources/HUD/T_Castle_ThumbstickInner.uasset" 164
"../../../Engine/Content/MobileResources/HUD/T_Castle_ThumbstickOutter.uasset" 165
"../../../Engine/Content/Tutorial/ContentIntroCurve.uasset" 166
"../../../Engine/Content/Tutorial/Basics/LevelEditorAttract.uasset" 167
"../../../Engine/Content/Tutorial/Basics/TutorialAssets/icon_tab_Levels_40x.uasset" 168
"../../../Engine/Content/Tutorial/Basics/LevelEditorOverview.uasset" 169
"../../../Engine/Content/Tutorial/Foliage/TutorialAssets/Foliage.uasset" 170
"../../../Engine/Content/Tutorial/Foliage/Foliage_Intro_Tutorial.uasset" 171
"../../../Engine/Content/Tutorial/Foliage/Foliage_Settings_Tutorial.uasset" 172
"../../../Engine/Content/Tutorial/Foliage/Foliage_Using_The_Tool_Tutorial.uasset" 173
"../../../Engine/Content/VREditor/LaserPointer/VR_LaserPower_01.uasset" 174
"../../../Engine/Content/VREditor/TransformGizmo/TransformGizmoMaterial.uasset" 175
"../../../Engine/Content/VREditor/TransformGizmo/TranslucentTransformGizmoMaterial.uasset" 176
"../../../Engine/Content/VREditor/TransformGizmo/BoundingBoxCorner.uasset" 177
"../../../Engine/Content/VREditor/TransformGizmo/BoundingBoxEdge.uasset" 178
"../../../Engine/Content/VREditor/TransformGizmo/PlaneTranslationHandle.uasset" 179
"../../../Engine/Content/VREditor/TransformGizmo/Main.uasset" 180
"../../../Engine/Content/VREditor/TransformGizmo/Xray.uasset" 181
"../../../Engine/Content/VREditor/TransformGizmo/SM_Sequencer_Key.uasset" 182
"../../../Engine/Content/VREditor/TransformGizmo/SM_Sequencer_Node.uasset" 183
"../../Plugins/2D/Paper2D/Content/PlaceholderTextures/DummySpriteTexture.uasset" 184
"../../Plugins/2D/Paper2D/Content/DummySprite.uasset" 185
"../../Plugins/2D/Paper2D/Content/DefaultPaperTerrainMaterial.uasset" 186
"../../Plugins/2D/Paper2D/Content/DummySpriteTexture.uasset" 187
"../../Plugins/2D/Paper2D/Content/DefaultSpriteMaterial.uasset" 188
"../../Plugins/2D/Paper2D/Content/MaskedUnlitSpriteMaterial.uasset" 189
"../../Plugins/2D/Paper2D/Content/OpaqueUnlitSpriteMaterial.uasset" 190
"../../../Engine/Content/Functions/Engine_MaterialFunctions02/Utility/BreakOutFloat4Components.uasset" 191
"../../../Engine/Content/Functions/Engine_MaterialFunctions02/Utility/MakeFloat2.uasset" 192
"../../../Engine/Content/Functions/Engine_MaterialFunctions02/Utility/MakeFloat3.uasset" 193
"../../Plugins/Runtime/Oculus/OculusVR/Content/Materials/OculusMR_ChromaKey.uasset" 194
"../../Plugins/Runtime/Oculus/OculusVR/Content/Materials/OculusMR_ChromaKey_Lit.uasset" 195
"../../Plugins/Runtime/Oculus/OculusVR/Content/Materials/OculusMR_OpaqueColoredMaterial.uasset" 196
"../../Plugins/Runtime/Oculus/OculusVR/Content/Materials/OculusMR_WhiteMaterial.uasset" 197
"../../../Engine/Content/EditorBlueprintResources/StandardMacros.uasset" 198
"../../../../../../Users/Administrator/Documents/Unreal Projects/GAME1304/GAME1304_2DAssignment/Content/MyGame/Enemies/Sprites/spike_0.uasset" 199
"../../../../../../Users/Administrator/Documents/Unreal Projects/GAME1304/GAME1304_2DAssignment/Content/MyGame/Enemies/Sprites/spike_1.uasset" 200
"../../../../../../Users/Administrator/Documents/Unreal Projects/GAME1304/GAME1304_2DAssignment/Content/MyGame/Enemies/Flipbooks/FB_spike.uasset" 201
"../../../../../../Users/Administrator/Documents/Unreal Projects/GAME1304/GAME1304_2DAssignment/Content/MyGame/Sound/wav/Kick.uasset" 202
"../../../../../../Users/Administrator/Documents/Unreal Projects/GAME1304/GAME1304_2DAssignment/Content/MyGame/Sound/Cue/Kick_Cue.uasset" 203
"../../../../../../Users/Administrator/Documents/Unreal Projects/GAME1304/GAME1304_2DAssignment/Content/MyGame/Enemies/BP_spike.uasset" 204
"../../../../../../Users/Administrator/Documents/Unreal Projects/GAME1304/GAME1304_2DAssignment/Content/MyGame/Enemies/BP_AIBlock.uasset" 205
"../../../../../../Users/Administrator/Documents/Unreal Projects/GAME1304/GAME1304_2DAssignment/Content/MyGame/Enemies/Sprites/cloud.uasset" 206
"../../../../../../Users/Administrator/Documents/Unreal Projects/GAME1304/GAME1304_2DAssignment/Content/MyGame/Enemies/BP_Cloud.uasset" 207
"../../../../../../Users/Administrator/Documents/Unreal Projects/GAME1304/GAME1304_2DAssignment/Content/MyGame/Character/Sprites/mario_Sprite_0.uasset" 208
"../../../../../../Users/Administrator/Documents/Unreal Projects/GAME1304/GAME1304_2DAssignment/Content/MyGame/Character/Flipbook/FB_mario_die.uasset" 209
"../../../../../../Users/Administrator/Documents/Unreal Projects/GAME1304/GAME1304_2DAssignment/Content/MyGame/Character/Sprites/mario_Sprite_7.uasset" 210
"../../../../../../Users/Administrator/Documents/Unreal Projects/GAME1304/GAME1304_2DAssignment/Content/MyGame/Character/Flipbook/FB_mario_idle.uasset" 211
"../../../../../../Users/Administrator/Documents/Unreal Projects/GAME1304/GAME1304_2DAssignment/Content/MyGame/Character/Sprites/mario_Sprite_12.uasset" 212
"../../../../../../Users/Administrator/Documents/Unreal Projects/GAME1304/GAME1304_2DAssignment/Content/MyGame/Character/Flipbook/FB_mario_jump.uasset" 213
"../../../../../../Users/Administrator/Documents/Unreal Projects/GAME1304/GAME1304_2DAssignment/Content/MyGame/Character/Sprites/mario_Sprite_10.uasset" 214
"../../../../../../Users/Administrator/Documents/Unreal Projects/GAME1304/GAME1304_2DAssignment/Content/MyGame/Character/Sprites/mario_Sprite_8.uasset" 215
"../../../../../../Users/Administrator/Documents/Unreal Projects/GAME1304/GAME1304_2DAssignment/Content/MyGame/Character/Sprites/mario_Sprite_9.uasset" 216
"../../../../../../Users/Administrator/Documents/Unreal Projects/GAME1304/GAME1304_2DAssignment/Content/MyGame/Character/Flipbook/FB_mario_walk.uasset" 217
"../../../../../../Users/Administrator/Documents/Unreal Projects/GAME1304/GAME1304_2DAssignment/Content/MyGame/Sound/wav/03-underwater.uasset" 218
"../../../../../../Users/Administrator/Documents/Unreal Projects/GAME1304/GAME1304_2DAssignment/Content/MyGame/Sound/Cue/03-underwater_Cue.uasset" 219
"../../../../../../Users/Administrator/Documents/Unreal Projects/GAME1304/GAME1304_2DAssignment/Content/MyGame/Sound/wav/Die.uasset" 220
"../../../../../../Users/Administrator/Documents/Unreal Projects/GAME1304/GAME1304_2DAssignment/Content/MyGame/Sound/Cue/Die_Cue.uasset" 221
"../../../../../../Users/Administrator/Documents/Unreal Projects/GAME1304/GAME1304_2DAssignment/Content/MyGame/Sound/wav/Game_Over.uasset" 222
"../../../../../../Users/Administrator/Documents/Unreal Projects/GAME1304/GAME1304_2DAssignment/Content/MyGame/Sound/Cue/Game_Over_Cue.uasset" 223
"../../../../../../Users/Administrator/Documents/Unreal Projects/GAME1304/GAME1304_2DAssignment/Content/MyGame/Sound/wav/Jump.uasset" 224
"../../../../../../Users/Administrator/Documents/Unreal Projects/GAME1304/GAME1304_2DAssignment/Content/MyGame/Sound/Cue/Jump_Cue.uasset" 225
"../../../../../../Users/Administrator/Documents/Unreal Projects/GAME1304/GAME1304_2DAssignment/Content/MyGame/Widget/myHUD.uasset" 226
"../../../../../../Users/Administrator/Documents/Unreal Projects/GAME1304/GAME1304_2DAssignment/Content/MyGame/Character/BP_MyChar.uasset" 227
"../../../../../../Users/Administrator/Documents/Unreal Projects/GAME1304/GAME1304_2DAssignment/Content/GM_Mario.uasset" 228
"../../../../../../Users/Administrator/Documents/Unreal Projects/GAME1304/GAME1304_2DAssignment/Content/MyGame/Character/BP_EndPoint.uasset" 229
"../../../../../../Users/Administrator/Documents/Unreal Projects/GAME1304/GAME1304_2DAssignment/Content/MyGame/Collectible/Sprites/NES_-_Super_Mario_Bros_-_Items_Objects_and_NPCs_Sprite_216.uasset" 230
"../../../../../../Users/Administrator/Documents/Unreal Projects/GAME1304/GAME1304_2DAssignment/Content/MyGame/Collectible/Sprites/NES_-_Super_Mario_Bros_-_Items_Objects_and_NPCs_Sprite_217.uasset" 231
"../../../../../../Users/Administrator/Documents/Unreal Projects/GAME1304/GAME1304_2DAssignment/Content/MyGame/Collectible/Sprites/NES_-_Super_Mario_Bros_-_Items_Objects_and_NPCs_Sprite_218.uasset" 232
"../../../../../../Users/Administrator/Documents/Unreal Projects/GAME1304/GAME1304_2DAssignment/Content/MyGame/Collectible/Sprites/NES_-_Super_Mario_Bros_-_Items_Objects_and_NPCs_Sprite_219.uasset" 233
"../../../../../../Users/Administrator/Documents/Unreal Projects/GAME1304/GAME1304_2DAssignment/Content/MyGame/Collectible/Flipbooks/FB_coin.uasset" 234
"../../../../../../Users/Administrator/Documents/Unreal Projects/GAME1304/GAME1304_2DAssignment/Content/MyGame/Sound/wav/Coin.uasset" 235
"../../../../../../Users/Administrator/Documents/Unreal Projects/GAME1304/GAME1304_2DAssignment/Content/MyGame/Sound/Cue/Coin_Cue.uasset" 236
"../../../../../../Users/Administrator/Documents/Unreal Projects/GAME1304/GAME1304_2DAssignment/Content/MyGame/Collectible/BP_coin.uasset" 237
"../../../../../../Users/Administrator/Documents/Unreal Projects/GAME1304/GAME1304_2DAssignment/Content/MyGame/Collectible/Sprites/NES_-_Super_Mario_Bros_-_Items_Objects_and_NPCs_Sprite_0.uasset" 238
"../../../../../../Users/Administrator/Documents/Unreal Projects/GAME1304/GAME1304_2DAssignment/Content/MyGame/Collectible/Sprites/NES_-_Super_Mario_Bros_-_Items_Objects_and_NPCs_Sprite_36.uasset" 239
"../../../../../../Users/Administrator/Documents/Unreal Projects/GAME1304/GAME1304_2DAssignment/Content/MyGame/Collectible/Flipbooks/FB_healthmush.uasset" 240
"../../../../../../Users/Administrator/Documents/Unreal Projects/GAME1304/GAME1304_2DAssignment/Content/MyGame/Sound/wav/Item.uasset" 241
"../../../../../../Users/Administrator/Documents/Unreal Projects/GAME1304/GAME1304_2DAssignment/Content/MyGame/Sound/Cue/Item_Cue.uasset" 242
"../../../../../../Users/Administrator/Documents/Unreal Projects/GAME1304/GAME1304_2DAssignment/Content/MyGame/Collectible/BP_hmush.uasset" 243
"../../../../../../Users/Administrator/Documents/Unreal Projects/GAME1304/GAME1304_2DAssignment/Content/MyGame/Collectible/Sprites/NES_-_Super_Mario_Bros_-_Items_Objects_and_NPCs_Sprite_2.uasset" 244
"../../../../../../Users/Administrator/Documents/Unreal Projects/GAME1304/GAME1304_2DAssignment/Content/MyGame/Collectible/Sprites/NES_-_Super_Mario_Bros_-_Items_Objects_and_NPCs_Sprite_38.uasset" 245
"../../../../../../Users/Administrator/Documents/Unreal Projects/GAME1304/GAME1304_2DAssignment/Content/MyGame/Collectible/Flipbooks/FB_poisonmush.uasset" 246
"../../../../../../Users/Administrator/Documents/Unreal Projects/GAME1304/GAME1304_2DAssignment/Content/MyGame/Collectible/BP_pmush.uasset" 247
"../../../../../../Users/Administrator/Documents/Unreal Projects/GAME1304/GAME1304_2DAssignment/Content/MyGame/Textures/World_1-1.uasset" 248
"../../../../../../Users/Administrator/Documents/Unreal Projects/GAME1304/GAME1304_2DAssignment/Content/MyGame/Level/World_1-1_TileSet.uasset" 249
"../../../../../../Users/Administrator/Documents/Unreal Projects/GAME1304/GAME1304_2DAssignment/Content/MyGame/Level/World_1-1_TileMap.uasset" 250
"../../../../../../Users/Administrator/Documents/Unreal Projects/GAME1304/GAME1304_2DAssignment/Content/NewMap.umap" 251
"../../../Engine/Content/Maps/Entry_BuiltData.uasset" 252
"../../../Engine/Content/Maps/Entry.umap" 253
